mode: set
genif/car/repository/car_repository.go:12.40,16.2 1 0
genif/car/service/car_service.go:13.84,16.16 3 0
genif/car/service/car_service.go:16.16,18.3 1 0
genif/car/service/car_service.go:20.2,20.16 1 0
genif/car/service/car_service.go:23.89,25.16 2 0
genif/car/service/car_service.go:25.16,27.3 1 0
genif/car/service/car_service.go:28.2,28.17 1 0
genif/car/service/car_service.go:31.101,32.91 1 0
genif/car/service/car_service.go:32.91,34.28 2 0
genif/car/service/car_service.go:34.28,35.29 1 0
genif/car/service/car_service.go:35.29,37.5 1 0
genif/car/service/car_service.go:39.3,39.21 1 0
genif/car/service/car_service.go:42.2,42.39 1 0
genif/car/service/car_service.go:45.66,49.2 1 0
genif/cmd/main.go:12.13,33.16 4 0
genif/cmd/main.go:33.16,36.3 2 0
genif/cmd/main.go:37.2,41.16 3 0
genif/cmd/main.go:41.16,44.3 2 0
genif/cmd/main.go:45.2,49.16 3 0
genif/cmd/main.go:49.16,52.3 2 0
genif/cmd/main.go:53.2,53.53 1 0
genif/store/memory/memory_store.go:14.40,18.2 1 1
genif/store/memory/memory_store.go:20.75,25.9 4 1
genif/store/memory/memory_store.go:25.9,27.3 1 1
genif/store/memory/memory_store.go:29.2,29.18 1 1
genif/store/memory/memory_store.go:32.88,37.27 4 1
genif/store/memory/memory_store.go:37.27,39.10 2 1
genif/store/memory/memory_store.go:39.10,41.4 1 1
genif/store/memory/memory_store.go:42.3,42.19 1 1
genif/store/memory/memory_store.go:45.2,45.18 1 1
genif/store/memory/memory_store.go:48.65,53.31 4 1
genif/store/memory/memory_store.go:53.31,55.3 1 1
genif/store/memory/memory_store.go:57.2,57.18 1 1
genif/store/memory/memory_store.go:60.85,65.8 4 1
genif/store/memory/memory_store.go:65.8,67.3 1 1
genif/store/memory/memory_store.go:69.2,71.20 2 1
genif/store/memory/memory_store.go:74.68,79.9 4 1
genif/store/memory/memory_store.go:79.9,81.3 1 1
genif/store/memory/memory_store.go:83.2,85.12 2 1
genif/store/memory/memory_store.go:88.79,93.9 4 1
genif/store/memory/memory_store.go:93.9,95.3 1 1
genif/store/memory/memory_store.go:97.2,98.12 2 1
genif/store/memory/memory_store.go:101.127,105.2 3 1
genif/store/mongo/mongo_store.go:16.85,20.2 1 0
genif/store/mongo/mongo_store.go:22.77,24.16 2 1
genif/store/mongo/mongo_store.go:24.16,26.3 1 1
genif/store/mongo/mongo_store.go:28.2,30.42 3 1
genif/store/mongo/mongo_store.go:30.42,32.3 1 0
genif/store/mongo/mongo_store.go:32.8,32.23 1 1
genif/store/mongo/mongo_store.go:32.23,34.3 1 1
genif/store/mongo/mongo_store.go:36.2,36.21 1 1
genif/store/mongo/mongo_store.go:39.90,41.25 2 1
genif/store/mongo/mongo_store.go:41.25,43.17 2 1
genif/store/mongo/mongo_store.go:43.17,45.4 1 1
genif/store/mongo/mongo_store.go:46.3,46.42 1 1
genif/store/mongo/mongo_store.go:49.2,50.16 2 1
genif/store/mongo/mongo_store.go:50.16,52.3 1 0
genif/store/mongo/mongo_store.go:53.2,56.23 3 1
genif/store/mongo/mongo_store.go:56.23,58.48 2 1
genif/store/mongo/mongo_store.go:58.48,60.4 1 0
genif/store/mongo/mongo_store.go:61.3,61.37 1 1
genif/store/mongo/mongo_store.go:64.2,64.21 1 1
genif/store/mongo/mongo_store.go:67.67,69.16 2 1
genif/store/mongo/mongo_store.go:69.16,71.3 1 0
genif/store/mongo/mongo_store.go:72.2,75.23 3 1
genif/store/mongo/mongo_store.go:75.23,77.48 2 1
genif/store/mongo/mongo_store.go:77.48,79.4 1 0
genif/store/mongo/mongo_store.go:80.3,80.37 1 1
genif/store/mongo/mongo_store.go:83.2,83.21 1 1
genif/store/mongo/mongo_store.go:86.87,88.16 2 1
genif/store/mongo/mongo_store.go:88.16,90.3 1 0
genif/store/mongo/mongo_store.go:92.2,96.36 2 1
genif/store/mongo/mongo_store.go:96.36,98.3 1 1
genif/store/mongo/mongo_store.go:98.8,98.23 1 1
genif/store/mongo/mongo_store.go:98.23,100.3 1 0
genif/store/mongo/mongo_store.go:102.2,102.20 1 1
genif/store/mongo/mongo_store.go:105.70,107.16 2 1
genif/store/mongo/mongo_store.go:107.16,109.3 1 0
genif/store/mongo/mongo_store.go:111.2,112.16 2 1
genif/store/mongo/mongo_store.go:112.16,114.3 1 1
genif/store/mongo/mongo_store.go:115.2,115.27 1 1
genif/store/mongo/mongo_store.go:115.27,117.3 1 0
genif/store/mongo/mongo_store.go:119.2,119.12 1 1
genif/store/mongo/mongo_store.go:122.81,124.16 2 1
genif/store/mongo/mongo_store.go:124.16,126.3 1 0
genif/store/mongo/mongo_store.go:128.2,129.16 2 1
genif/store/mongo/mongo_store.go:129.16,131.3 1 1
genif/store/mongo/mongo_store.go:132.2,132.27 1 1
genif/store/mongo/mongo_store.go:132.27,134.3 1 0
genif/store/mongo/mongo_store.go:136.2,136.12 1 1
genif/store/mongo/mongo_store.go:139.82,141.16 2 1
genif/store/mongo/mongo_store.go:141.16,143.3 1 1
genif/store/mongo/mongo_store.go:144.2,147.23 3 1
genif/store/mongo/mongo_store.go:147.23,149.48 2 1
genif/store/mongo/mongo_store.go:149.48,151.4 1 0
genif/store/mongo/mongo_store.go:152.3,152.37 1 1
genif/store/mongo/mongo_store.go:155.2,155.21 1 1
